<?xml version="1.0" encoding="UTF-8"?>
<!-- Generated by org.testng.reporters.JUnitXMLReporter -->
<testsuite ignored="0" hostname="IN-996XTN3" failures="0" tests="5" name="Test" time="14.051" errors="0" timestamp="16 Dec 2022 11:38:25 GMT">
  <testcase classname="all_Test_Operation.Organization_All_Crud_operation" name="post" time="1.368"/>
  <testcase classname="all_Test_Operation.List_All_Crud_operation" name="postList" time="1.189"/>
  <testcase classname="all_Test_Operation.Board_All_Crud_operation_Test" name="post" time="1.486"/>
  <testcase classname="all_Test_Operation.Card_All_Crud_operation" name="postcard" time="1.443"/>
  <testcase classname="all_Test_Operation.Label_All_Crud_operation_with_negative_Scenario" name="postList" time="1.431"/>
</testsuite> <!-- Test -->
