<?xml version="1.0" encoding="UTF-8"?>
<!-- Generated by org.testng.reporters.JUnitXMLReporter -->
<testsuite ignored="0" hostname="IN-996XTN3" failures="0" tests="5" name="Test" time="13.728" errors="0" timestamp="06 Jan 2023 07:03:57 GMT">
  <testcase classname="all_Test_Operation.Organization_All_Crud_operation" name="post" time="1.574"/>
  <testcase classname="all_Test_Operation.List_All_Crud_operation" name="postList" time="1.201"/>
  <testcase classname="all_Test_Operation.Board_All_Crud_operation_Test" name="post" time="1.432"/>
  <testcase classname="all_Test_Operation.Card_All_Crud_operation" name="postcard" time="1.312"/>
  <testcase classname="all_Test_Operation.Label_All_Crud_operation_with_negative_Scenario" name="postList" time="1.169"/>
</testsuite> <!-- Test -->
