<?xml version="1.0" encoding="UTF-8"?>
<testsuite xmlns:xsi="http://www.w3.org/2001/XMLSchema-instance" xsi:noNamespaceSchemaLocation="https://maven.apache.org/surefire/maven-surefire-plugin/xsd/surefire-test-report.xsd" name="TestSuite" time="15.976" tests="5" errors="0" skipped="0" failures="0">
  <properties>
[...]
</properties>
  <testcase name="post" classname="all_Test_Operation.Organization_All_Crud_operation" time="1.576"/>
  <testcase name="postList" classname="all_Test_Operation.List_All_Crud_operation" time="1.202"/>
  <testcase name="post" classname="all_Test_Operation.Board_All_Crud_operation_Test" time="1.433"/>
  <testcase name="postcard" classname="all_Test_Operation.Card_All_Crud_operation" time="1.312"/>
  <testcase name="postList" classname="all_Test_Operation.Label_All_Crud_operation_with_negative_Scenario" time="1.17"/>
</testsuite>