<?xml version="1.0" encoding="UTF-8"?>
<testng-results ignored="0" total="5" passed="5" failed="0" skipped="0">
  <reporter-output>
  </reporter-output>
  <suite started-at="2023-01-06T07:03:43Z" name="Suite" finished-at="2023-01-06T07:03:57Z" duration-ms="13728">
    <groups>
    </groups>
    <test started-at="2023-01-06T07:03:43Z" name="Test" finished-at="2023-01-06T07:03:57Z" duration-ms="13728">
      <class name="all_Test_Operation.Board_All_Crud_operation_Test">
        <test-method signature="post()[pri:1, instance:all_Test_Operation.Board_All_Crud_operation_Test@b672aa8]" started-at="2023-01-06T07:03:53Z" name="post" finished-at="2023-01-06T07:03:55Z" duration-ms="1432" status="PASS">
          <reporter-output>
          </reporter-output>
        </test-method> <!-- post -->
      </class> <!-- all_Test_Operation.Board_All_Crud_operation_Test -->
      <class name="all_Test_Operation.List_All_Crud_operation">
        <test-method signature="postList()[pri:1, instance:all_Test_Operation.List_All_Crud_operation@192f2f27]" started-at="2023-01-06T07:03:52Z" name="postList" finished-at="2023-01-06T07:03:53Z" duration-ms="1201" status="PASS">
          <reporter-output>
          </reporter-output>
        </test-method> <!-- postList -->
      </class> <!-- all_Test_Operation.List_All_Crud_operation -->
      <class name="all_Test_Operation.Organization_All_Crud_operation">
        <test-method signature="post()[pri:1, instance:all_Test_Operation.Organization_All_Crud_operation@6b5176f2]" started-at="2023-01-06T07:03:51Z" name="post" finished-at="2023-01-06T07:03:52Z" duration-ms="1574" status="PASS">
          <reporter-output>
          </reporter-output>
        </test-method> <!-- post -->
      </class> <!-- all_Test_Operation.Organization_All_Crud_operation -->
      <class name="all_Test_Operation.Card_All_Crud_operation">
        <test-method is-config="true" signature="postfetchid123()[pri:0, instance:all_Test_Operation.Card_All_Crud_operation@8a589a2]" started-at="2023-01-06T07:03:43Z" name="postfetchid123" finished-at="2023-01-06T07:03:48Z" duration-ms="4415" status="PASS">
          <reporter-output>
          </reporter-output>
        </test-method> <!-- postfetchid123 -->
        <test-method is-config="true" signature="postfetchid()[pri:0, instance:all_Test_Operation.Label_All_Crud_operation_with_negative_Scenario@c65a5ef]" started-at="2023-01-06T07:03:48Z" name="postfetchid" finished-at="2023-01-06T07:03:49Z" duration-ms="1323" status="PASS">
          <reporter-output>
          </reporter-output>
        </test-method> <!-- postfetchid -->
        <test-method is-config="true" signature="postfetchid()[pri:0, instance:all_Test_Operation.List_All_Crud_operation@192f2f27]" started-at="2023-01-06T07:03:49Z" name="postfetchid" finished-at="2023-01-06T07:03:51Z" duration-ms="1282" status="PASS">
          <reporter-output>
          </reporter-output>
        </test-method> <!-- postfetchid -->
        <test-method signature="postcard()[pri:1, instance:all_Test_Operation.Card_All_Crud_operation@8a589a2]" started-at="2023-01-06T07:03:55Z" name="postcard" finished-at="2023-01-06T07:03:56Z" duration-ms="1312" status="PASS">
          <reporter-output>
          </reporter-output>
        </test-method> <!-- postcard -->
      </class> <!-- all_Test_Operation.Card_All_Crud_operation -->
      <class name="all_Test_Operation.Label_All_Crud_operation_with_negative_Scenario">
        <test-method signature="postList()[pri:1, instance:all_Test_Operation.Label_All_Crud_operation_with_negative_Scenario@c65a5ef]" started-at="2023-01-06T07:03:56Z" name="postList" finished-at="2023-01-06T07:03:57Z" duration-ms="1169" status="PASS">
          <reporter-output>
          </reporter-output>
        </test-method> <!-- postList -->
      </class> <!-- all_Test_Operation.Label_All_Crud_operation_with_negative_Scenario -->
    </test> <!-- Test -->
  </suite> <!-- Suite -->
</testng-results>
