<?xml version="1.0" encoding="UTF-8"?>
<testng-results ignored="0" total="3" passed="3" failed="0" skipped="0">
  <reporter-output>
  </reporter-output>
  <suite started-at="2023-04-26T09:28:01Z" name="Default suite" finished-at="2023-04-26T09:28:05Z" duration-ms="4536">
    <groups>
    </groups>
    <test started-at="2023-04-26T09:28:01Z" name="Default test" finished-at="2023-04-26T09:28:05Z" duration-ms="4536">
      <class name="all_Test_Operation.Board_All_Crud_operation_Test">
        <test-method signature="post()[pri:1, instance:all_Test_Operation.Board_All_Crud_operation_Test@32fe9d0a]" started-at="2023-04-26T09:28:01Z" name="post" finished-at="2023-04-26T09:28:03Z" duration-ms="2658" status="PASS">
          <reporter-output>
          </reporter-output>
        </test-method> <!-- post -->
        <test-method signature="Get()[pri:2, instance:all_Test_Operation.Board_All_Crud_operation_Test@32fe9d0a]" started-at="2023-04-26T09:28:03Z" name="Get" finished-at="2023-04-26T09:28:04Z" duration-ms="975" status="PASS">
          <reporter-output>
          </reporter-output>
        </test-method> <!-- Get -->
        <test-method signature="put()[pri:3, instance:all_Test_Operation.Board_All_Crud_operation_Test@32fe9d0a]" started-at="2023-04-26T09:28:04Z" name="put" finished-at="2023-04-26T09:28:05Z" duration-ms="885" status="PASS">
          <reporter-output>
          </reporter-output>
        </test-method> <!-- put -->
      </class> <!-- all_Test_Operation.Board_All_Crud_operation_Test -->
    </test> <!-- Default test -->
  </suite> <!-- Default suite -->
</testng-results>
